<?xml version="1.0" encoding="UTF-8"?>
<testsuite xmlns:xsi="http://www.w3.org/2001/XMLSchema-instance" xsi:noNamespaceSchemaLocation="https://maven.apache.org/surefire/maven-surefire-plugin/xsd/surefire-test-report.xsd" name="ru.test.allure.RestAssuredGetAllureTest" time="3.929" tests="3" errors="0" skipped="0" failures="0">
  <properties>
[...]
</properties>
  <testcase name="checkUserName" classname="ru.test.allure.RestAssuredGetAllureTest" time="2.539"/>
  <testcase name="checkUserNameAndPrintResponseBody" classname="ru.test.allure.RestAssuredGetAllureTest" time="1.189"/>
  <testcase name="getMyInfoStatusCode" classname="ru.test.allure.RestAssuredGetAllureTest" time="0.082"/>
</testsuite>